<?xml version="1.0" encoding="UTF-8"?>
<testsuite xmlns:xsi="http://www.w3.org/2001/XMLSchema-instance" xsi:noNamespaceSchemaLocation="https://maven.apache.org/surefire/maven-surefire-plugin/xsd/surefire-test-report-3.0.xsd" version="3.0" name="com.exampleAPINeoris.APINeoris.ApiNeorisApplicationTests" time="6.955" tests="1" errors="0" skipped="0" failures="0">
  <properties>
[...]
</properties>
  <testcase name="contextLoads" classname="com.exampleAPINeoris.APINeoris.ApiNeorisApplicationTests" time="0.527">
    <system-out><![CDATA[18:15:23.776 [main] INFO org.springframework.test.context.support.AnnotationConfigContextLoaderUtils -- Could not detect default configuration classes for test class [com.exampleAPINeoris.APINeoris.ApiNeorisApplicationTests]: ApiNeorisApplicationTests does not declare any static, non-private, non-final, nested classes annotated with @Configuration.
18:15:23.906 [main] INFO org.springframework.boot.test.context.SpringBootTestContextBootstrapper -- Found @SpringBootConfiguration com.exampleAPINeoris.APINeoris.ApiNeorisApplication for test class com.exampleAPINeoris.APINeoris.ApiNeorisApplicationTests
18:15:24.159 [main] INFO org.springframework.boot.devtools.restart.RestartApplicationListener -- Restart disabled due to context in which it is running
  .   ____          _            __ _ _
 /\\ / ___'_ __ _ _(_)_ __  __ _ \ \ \ \
( ( )\___ | '_ | '_| | '_ \/ _` | \ \ \ \
 \\/  ___)| |_)| | | | | || (_| |  ) ) ) )
  '  |____| .__|_| |_|_| |_\__, | / / / /
 =========|_|==============|___/=/_/_/_/

 :: Spring Boot ::                (v3.3.0)

2024-06-10T18:15:24.476-06:00  INFO 26536 --- [APINeoris] [           main] c.e.APINeoris.ApiNeorisApplicationTests  : Starting ApiNeorisApplicationTests using Java 21.0.2 with PID 26536 (started by israel.rosas in C:\Users\israel.rosas\OneDrive - NEORIS\Documents\NeorisExamenes\APINeoris)
2024-06-10T18:15:24.476-06:00  INFO 26536 --- [APINeoris] [           main] c.e.APINeoris.ApiNeorisApplicationTests  : No active profile set, falling back to 1 default profile: "default"
2024-06-10T18:15:25.507-06:00  INFO 26536 --- [APINeoris] [           main] .s.d.r.c.RepositoryConfigurationDelegate : Bootstrapping Spring Data JPA repositories in DEFAULT mode.
2024-06-10T18:15:25.581-06:00  INFO 26536 --- [APINeoris] [           main] .s.d.r.c.RepositoryConfigurationDelegate : Finished Spring Data repository scanning in 64 ms. Found 1 JPA repository interface.
2024-06-10T18:15:26.173-06:00  INFO 26536 --- [APINeoris] [           main] com.zaxxer.hikari.HikariDataSource       : HikariPool-1 - Starting...
2024-06-10T18:15:26.472-06:00  INFO 26536 --- [APINeoris] [           main] com.zaxxer.hikari.pool.HikariPool        : HikariPool-1 - Added connection conn0: url=jdbc:h2:~/test user=SA
2024-06-10T18:15:26.472-06:00  INFO 26536 --- [APINeoris] [           main] com.zaxxer.hikari.HikariDataSource       : HikariPool-1 - Start completed.
2024-06-10T18:15:26.640-06:00  INFO 26536 --- [APINeoris] [           main] o.hibernate.jpa.internal.util.LogHelper  : HHH000204: Processing PersistenceUnitInfo [name: default]
2024-06-10T18:15:26.725-06:00  INFO 26536 --- [APINeoris] [           main] org.hibernate.Version                    : HHH000412: Hibernate ORM core version 6.5.2.Final
2024-06-10T18:15:26.787-06:00  INFO 26536 --- [APINeoris] [           main] o.h.c.internal.RegionFactoryInitiator    : HHH000026: Second-level cache disabled
2024-06-10T18:15:27.335-06:00  INFO 26536 --- [APINeoris] [           main] o.s.o.j.p.SpringPersistenceUnitInfo      : No LoadTimeWeaver setup: ignoring JPA class transformer
2024-06-10T18:15:27.400-06:00  WARN 26536 --- [APINeoris] [           main] org.hibernate.orm.deprecation            : HHH90000025: H2Dialect does not need to be specified explicitly using 'hibernate.dialect' (remove the property setting and it will be selected by default)
2024-06-10T18:15:28.334-06:00  INFO 26536 --- [APINeoris] [           main] o.h.e.t.j.p.i.JtaPlatformInitiator       : HHH000489: No JTA platform available (set 'hibernate.transaction.jta.platform' to enable JTA platform integration)
2024-06-10T18:15:28.334-06:00  INFO 26536 --- [APINeoris] [           main] j.LocalContainerEntityManagerFactoryBean : Initialized JPA EntityManagerFactory for persistence unit 'default'
2024-06-10T18:15:28.859-06:00  WARN 26536 --- [APINeoris] [           main] JpaBaseConfiguration$JpaWebConfiguration : spring.jpa.open-in-view is enabled by default. Therefore, database queries may be performed during view rendering. Explicitly configure spring.jpa.open-in-view to disable this warning
2024-06-10T18:15:28.885-06:00 DEBUG 26536 --- [APINeoris] [           main] swordEncoderAuthenticationManagerBuilder : No authenticationProviders and no parentAuthenticationManager defined. Returning null.
2024-06-10T18:15:29.346-06:00 DEBUG 26536 --- [APINeoris] [           main] edFilterInvocationSecurityMetadataSource : Adding web access control expression [authenticated] for Ant [pattern='/items/**']
2024-06-10T18:15:29.385-06:00  INFO 26536 --- [APINeoris] [           main] o.s.s.web.DefaultSecurityFilterChain     : Will secure any request with [org.springframework.security.web.session.DisableEncodeUrlFilter@1fa77770, org.springframework.security.web.context.request.async.WebAsyncManagerIntegrationFilter@62f3ad90, org.springframework.security.web.context.SecurityContextHolderFilter@433362e0, org.springframework.security.web.header.HeaderWriterFilter@2ae07dbd, org.springframework.web.filter.CorsFilter@18d63996, org.springframework.security.web.csrf.CsrfFilter@5cd2adc7, org.springframework.security.web.authentication.logout.LogoutFilter@222dc36c, org.springframework.security.oauth2.server.resource.web.authentication.BearerTokenAuthenticationFilter@43a72f0f, org.springframework.security.web.savedrequest.RequestCacheAwareFilter@58cd6088, org.springframework.security.web.servletapi.SecurityContextHolderAwareRequestFilter@61e34bec, org.springframework.security.web.authentication.AnonymousAuthenticationFilter@6e6bd43b, org.springframework.security.web.session.SessionManagementFilter@5e1bfe66, org.springframework.security.web.access.ExceptionTranslationFilter@34e7cde3, org.springframework.security.web.access.intercept.FilterSecurityInterceptor@4fccdd1d]
2024-06-10T18:15:29.901-06:00  INFO 26536 --- [APINeoris] [           main] c.e.APINeoris.ApiNeorisApplicationTests  : Started ApiNeorisApplicationTests in 5.774 seconds (process running for 7.17)
]]></system-out>
    <system-err><![CDATA[WARNING: A Java agent has been loaded dynamically (C:\Users\israel.rosas\.m2\repository\net\bytebuddy\byte-buddy-agent\1.14.16\byte-buddy-agent-1.14.16.jar)
WARNING: If a serviceability tool is in use, please run with -XX:+EnableDynamicAgentLoading to hide this warning
WARNING: If a serviceability tool is not in use, please run with -Djdk.instrument.traceUsage for more information
WARNING: Dynamic loading of agents will be disallowed by default in a future release
]]></system-err>
  </testcase>
</testsuite>